======================================
RUN 1 / 2
======================================
--- P0 OUTPUT ---
target_val = -1772696365111236469
Advice exchange: 60 ms
Send Time: 0
Recv Time: 59
Advice exchange: 0 ms
Send Time: 0
Recv Time: 0
Advice exchange: 60 ms
Send Time: 0
Recv Time: 60
Advice exchange: 0 ms
Send Time: 0
Recv Time: 0
Advice exchange: 60 ms
Send Time: 0
Recv Time: 60
Advice exchange: 0 ms
Send Time: 0
Recv Time: 0
Advice exchange: 60 ms
Send Time: 0
Recv Time: 60
Advice exchange: 0 ms
Send Time: 0
Recv Time: 0
Advice exchange: 60 ms
Send Time: 0
Recv Time: 60
Advice exchange: 0 ms
Send Time: 0
Recv Time: 0
nodes_in_interval = 1024
Advice exchange: 60 ms
Send Time: 0
Recv Time: 60
Advice exchange: 0 ms
Send Time: 0
Recv Time: 0
Advice exchange: 60 ms
Send Time: 0
Recv Time: 60
Advice exchange: 0 ms
Send Time: 0
Recv Time: 0
Advice exchange: 60 ms
Send Time: 0
Recv Time: 60
Advice exchange: 0 ms
Send Time: 0
Recv Time: 0
Advice exchange: 60 ms
Send Time: 0
Recv Time: 60
Advice exchange: 0 ms
Send Time: 0
Recv Time: 0
Advice exchange: 60 ms
Send Time: 0
Recv Time: 60
Advice exchange: 0 ms
Send Time: 0
Recv Time: 0
nodes_in_interval = 1024
Finalize
Advice exchange: 0 ms
Send Time: 0
Recv Time: 0
Advice exchange: 60 ms
Send Time: 0
Recv Time: 60
Advice exchange: 0 ms
Send Time: 0
Recv Time: 0
Advice exchange: 60 ms
Send Time: 0
Recv Time: 60
Advice exchange: 0 ms
Send Time: 0
Recv Time: 0
Advice exchange: 60 ms
Send Time: 0
Recv Time: 60
Advice exchange: 0 ms
Send Time: 0
Recv Time: 0
Advice exchange: 60 ms
Send Time: 0
Recv Time: 60
Advice exchange: 0 ms
Send Time: 0
Recv Time: 0
Advice exchange: 60 ms
Send Time: 0
Recv Time: 60
nodes_in_interval = 1024
Finalize
Advice exchange: 60 ms
Send Time: 0
Recv Time: 60
Advice exchange: 0 ms
Send Time: 0
Recv Time: 0
Advice exchange: 60 ms
Send Time: 0
Recv Time: 60
Advice exchange: 0 ms
Send Time: 0
Recv Time: 0
Advice exchange: 60 ms
Send Time: 0
Recv Time: 60
Advice exchange: 0 ms
Send Time: 0
Recv Time: 0
Advice exchange: 60 ms
Send Time: 0
Recv Time: 60
Advice exchange: 0 ms
Send Time: 0
Recv Time: 0
Advice exchange: 60 ms
Send Time: 0
Recv Time: 60
Advice exchange: 0 ms
Send Time: 0
Recv Time: 0
nodes_in_interval = 1024
Advice exchange: 60 ms
Send Time: 0
Recv Time: 60
Advice exchange: 0 ms
Send Time: 0
Recv Time: 0
Advice exchange: 60 ms
Send Time: 0
Recv Time: 60
Advice exchange: 0 ms
Send Time: 0
Recv Time: 0
Advice exchange: 60 ms
Send Time: 0
Recv Time: 60
Advice exchange: 0 ms
Send Time: 0
Recv Time: 0
Advice exchange: 60 ms
Send Time: 0
Recv Time: 60
Advice exchange: 0 ms
Send Time: 0
Recv Time: 0
Advice exchange: 60 ms
Send Time: 0
Recv Time: 60
Advice exchange: 0 ms
Send Time: 0
Recv Time: 0
nodes_in_interval = 1024
Advice exchange: 60 ms
Send Time: 0
Recv Time: 60
Advice exchange: 0 ms
Send Time: 0
Recv Time: 0
Advice exchange: 60 ms
Send Time: 0
Recv Time: 60
Advice exchange: 0 ms
Send Time: 0
Recv Time: 0
Advice exchange: 60 ms
Send Time: 0
Recv Time: 60
Advice exchange: 0 ms
Send Time: 0
Recv Time: 0
Advice exchange: 60 ms
Send Time: 0
Recv Time: 60
Advice exchange: 0 ms
Send Time: 0
Recv Time: 0
Advice exchange: 60 ms
Send Time: 0
Recv Time: 60
Advice exchange: 0 ms
Send Time: 0
Recv Time: 0
nodes_in_interval = 1024
Advice exchange: 60 ms
Send Time: 0
Recv Time: 60
Advice exchange: 0 ms
Send Time: 0
Recv Time: 0
Advice exchange: 60 ms
Send Time: 0
Recv Time: 60
Advice exchange: 0 ms
Send Time: 0
Recv Time: 0
Advice exchange: 60 ms
Send Time: 0
Recv Time: 60
Advice exchange: 0 ms
Send Time: 0
Recv Time: 0
Advice exchange: 60 ms
Send Time: 0
Recv Time: 60
Advice exchange: 0 ms
Send Time: 0
Recv Time: 0
Advice exchange: 60 ms
Send Time: 0
Recv Time: 60
Advice exchange: 0 ms
Send Time: 0
Recv Time: 0
nodes_in_interval = 1024
Advice exchange: 60 ms
Send Time: 0
Recv Time: 60
Advice exchange: 0 ms
Send Time: 0
Recv Time: 0
Advice exchange: 60 ms
Send Time: 0
Recv Time: 60
Advice exchange: 0 ms
Send Time: 0
Recv Time: 0
Advice exchange: 60 ms
Send Time: 0
Recv Time: 60
Advice exchange: 0 ms
Send Time: 0
Recv Time: 0
Advice exchange: 60 ms
Send Time: 0
Recv Time: 60
Advice exchange: 0 ms
Send Time: 0
Recv Time: 0
Advice exchange: 60 ms
Send Time: 0
Recv Time: 60
Advice exchange: 0 ms
Send Time: 0
Recv Time: 0
nodes_in_interval = 1024
Advice exchange: 60 ms
Send Time: 0
Recv Time: 60
Advice exchange: 0 ms
Send Time: 0
Recv Time: 0
Advice exchange: 60 ms
Send Time: 0
Recv Time: 60
Advice exchange: 0 ms
Send Time: 0
Recv Time: 0
Advice exchange: 60 ms
Send Time: 0
Recv Time: 60
Advice exchange: 0 ms
Send Time: 0
Recv Time: 0
Advice exchange: 60 ms
Send Time: 0
Recv Time: 60
Advice exchange: 0 ms
Send Time: 0
Recv Time: 0
Advice exchange: 60 ms
Send Time: 0
Recv Time: 60
Advice exchange: 0 ms
Send Time: 0
Recv Time: 0
nodes_in_interval = 1024
Finalize
Advice exchange: 0 ms
Send Time: 0
Recv Time: 0
Advice exchange: 60 ms
Send Time: 0
Recv Time: 60
Advice exchange: 0 ms
Send Time: 0
Recv Time: 0
Advice exchange: 60 ms
Send Time: 0
Recv Time: 60
Advice exchange: 0 ms
Send Time: 0
Recv Time: 0
Advice exchange: 60 ms
Send Time: 0
Recv Time: 60
Advice exchange: 0 ms
Send Time: 0
Recv Time: 0
Advice exchange: 60 ms
Send Time: 0
Recv Time: 60
Advice exchange: 0 ms
Send Time: 0
Recv Time: 0
Advice exchange: 60 ms
Send Time: 0
Recv Time: 60
nodes_in_interval = 1024
Finalize

========== Experiment Summary ==========
Total requests           : 10
Authorized requests      : 4
Cover requests           : 6
Authorized fraction      : 0.4

--- Latency ---
Average eval latency     : 300 ms
Average audit latency    : 0 ms
Average write latency    : 12 ms

--- Bandwidth ---
Eval bandwidth           : 400 bytes
Audit bandwidth          : 0 bytes
Write bandwidth          : 512 bytes
Total bandwidth          : 912 bytes

--- Throughput ---
Throughput               : 3.19795 req/sec
Goodput                  : 1.27918 authorized req/sec
========================================
P0 : sent=457 bytes, recv=456 bytes, total=913 bytes

--- P1 OUTPUT ---
target_val = 0
[P1] dummy = 1
Advice exchange: 0 ms
Send Time: 0
Recv Time: 0
Advice exchange: 60 ms
Send Time: 0
Recv Time: 60
Advice exchange: 0 ms
Send Time: 0
Recv Time: 0
Advice exchange: 60 ms
Send Time: 0
Recv Time: 60
Advice exchange: 0 ms
Send Time: 0
Recv Time: 0
Advice exchange: 60 ms
Send Time: 0
Recv Time: 60
Advice exchange: 0 ms
Send Time: 0
Recv Time: 0
Advice exchange: 60 ms
Send Time: 0
Recv Time: 60
Advice exchange: 0 ms
Send Time: 0
Recv Time: 0
Advice exchange: 60 ms
Send Time: 0
Recv Time: 60
nodes_in_interval = 1024
Advice exchange: 0 ms
Send Time: 0
Recv Time: 0
Advice exchange: 60 ms
Send Time: 0
Recv Time: 60
Advice exchange: 0 ms
Send Time: 0
Recv Time: 0
Advice exchange: 60 ms
Send Time: 0
Recv Time: 60
Advice exchange: 0 ms
Send Time: 0
Recv Time: 0
Advice exchange: 60 ms
Send Time: 0
Recv Time: 60
Advice exchange: 0 ms
Send Time: 0
Recv Time: 0
Advice exchange: 60 ms
Send Time: 0
Recv Time: 60
Advice exchange: 0 ms
Send Time: 0
Recv Time: 0
Advice exchange: 60 ms
Send Time: 0
Recv Time: 60
nodes_in_interval = 1024
Finalize
Advice exchange: 60 ms
Send Time: 0
Recv Time: 60
Advice exchange: 0 ms
Send Time: 0
Recv Time: 0
Advice exchange: 60 ms
Send Time: 0
Recv Time: 60
Advice exchange: 0 ms
Send Time: 0
Recv Time: 0
Advice exchange: 60 ms
Send Time: 0
Recv Time: 60
Advice exchange: 0 ms
Send Time: 0
Recv Time: 0
Advice exchange: 60 ms
Send Time: 0
Recv Time: 60
Advice exchange: 0 ms
Send Time: 0
Recv Time: 0
Advice exchange: 60 ms
Send Time: 0
Recv Time: 60
Advice exchange: 0 ms
Send Time: 0
Recv Time: 0
nodes_in_interval = 1024
Finalize
Advice exchange: 0 ms
Send Time: 0
Recv Time: 0
Advice exchange: 60 ms
Send Time: 0
Recv Time: 60
Advice exchange: 0 ms
Send Time: 0
Recv Time: 0
Advice exchange: 60 ms
Send Time: 0
Recv Time: 60
Advice exchange: 0 ms
Send Time: 0
Recv Time: 0
Advice exchange: 60 ms
Send Time: 0
Recv Time: 60
Advice exchange: 0 ms
Send Time: 0
Recv Time: 0
Advice exchange: 60 ms
Send Time: 0
Recv Time: 60
Advice exchange: 0 ms
Send Time: 0
Recv Time: 0
Advice exchange: 60 ms
Send Time: 0
Recv Time: 60
nodes_in_interval = 1024
Advice exchange: 0 ms
Send Time: 0
Recv Time: 0
Advice exchange: 60 ms
Send Time: 0
Recv Time: 60
Advice exchange: 0 ms
Send Time: 0
Recv Time: 0
Advice exchange: 60 ms
Send Time: 0
Recv Time: 60
Advice exchange: 0 ms
Send Time: 0
Recv Time: 0
Advice exchange: 60 ms
Send Time: 0
Recv Time: 60
Advice exchange: 0 ms
Send Time: 0
Recv Time: 0
Advice exchange: 60 ms
Send Time: 0
Recv Time: 60
Advice exchange: 0 ms
Send Time: 0
Recv Time: 0
Advice exchange: 60 ms
Send Time: 0
Recv Time: 60
nodes_in_interval = 1024
Advice exchange: 0 ms
Send Time: 0
Recv Time: 0
Advice exchange: 60 ms
Send Time: 0
Recv Time: 60
Advice exchange: 0 ms
Send Time: 0
Recv Time: 0
Advice exchange: 60 ms
Send Time: 0
Recv Time: 60
Advice exchange: 0 ms
Send Time: 0
Recv Time: 0
Advice exchange: 60 ms
Send Time: 0
Recv Time: 60
Advice exchange: 0 ms
Send Time: 0
Recv Time: 0
Advice exchange: 60 ms
Send Time: 0
Recv Time: 60
Advice exchange: 0 ms
Send Time: 0
Recv Time: 0
Advice exchange: 60 ms
Send Time: 0
Recv Time: 60
nodes_in_interval = 1024
Advice exchange: 0 ms
Send Time: 0
Recv Time: 0
Advice exchange: 60 ms
Send Time: 0
Recv Time: 60
Advice exchange: 0 ms
Send Time: 0
Recv Time: 0
Advice exchange: 60 ms
Send Time: 0
Recv Time: 60
Advice exchange: 0 ms
Send Time: 0
Recv Time: 0
Advice exchange: 60 ms
Send Time: 0
Recv Time: 60
Advice exchange: 0 ms
Send Time: 0
Recv Time: 0
Advice exchange: 60 ms
Send Time: 0
Recv Time: 60
Advice exchange: 0 ms
Send Time: 0
Recv Time: 0
Advice exchange: 60 ms
Send Time: 0
Recv Time: 60
nodes_in_interval = 1024
Advice exchange: 0 ms
Send Time: 0
Recv Time: 0
Advice exchange: 60 ms
Send Time: 0
Recv Time: 60
Advice exchange: 0 ms
Send Time: 0
Recv Time: 0
Advice exchange: 60 ms
Send Time: 0
Recv Time: 60
Advice exchange: 0 ms
Send Time: 0
Recv Time: 0
Advice exchange: 60 ms
Send Time: 0
Recv Time: 60
Advice exchange: 0 ms
Send Time: 0
Recv Time: 0
Advice exchange: 60 ms
Send Time: 0
Recv Time: 60
Advice exchange: 0 ms
Send Time: 0
Recv Time: 0
Advice exchange: 60 ms
Send Time: 0
Recv Time: 60
nodes_in_interval = 1024
Advice exchange: 0 ms
Send Time: 0
Recv Time: 0
Advice exchange: 60 ms
Send Time: 0
Recv Time: 60
Advice exchange: 0 ms
Send Time: 0
Recv Time: 0
Advice exchange: 60 ms
Send Time: 0
Recv Time: 60
Advice exchange: 0 ms
Send Time: 0
Recv Time: 0
Advice exchange: 60 ms
Send Time: 0
Recv Time: 60
Advice exchange: 0 ms
Send Time: 0
Recv Time: 0
Advice exchange: 60 ms
Send Time: 0
Recv Time: 60
Advice exchange: 0 ms
Send Time: 0
Recv Time: 0
Advice exchange: 60 ms
Send Time: 0
Recv Time: 60
nodes_in_interval = 1024
Finalize
Advice exchange: 60 ms
Send Time: 0
Recv Time: 60
Advice exchange: 0 ms
Send Time: 0
Recv Time: 0
Advice exchange: 60 ms
Send Time: 0
Recv Time: 60
Advice exchange: 0 ms
Send Time: 0
Recv Time: 0
Advice exchange: 60 ms
Send Time: 0
Recv Time: 60
Advice exchange: 0 ms
Send Time: 0
Recv Time: 0
Advice exchange: 60 ms
Send Time: 0
Recv Time: 60
Advice exchange: 0 ms
Send Time: 0
Recv Time: 0
Advice exchange: 60 ms
Send Time: 0
Recv Time: 60
Advice exchange: 0 ms
Send Time: 0
Recv Time: 0
nodes_in_interval = 1024
Finalize

========== Experiment Summary ==========
Total requests           : 10
Authorized requests      : 4
Cover requests           : 6
Authorized fraction      : 0.4

--- Latency ---
Average eval latency     : 300 ms
Average audit latency    : 0 ms
Average write latency    : 12 ms

--- Bandwidth ---
Eval bandwidth           : 400 bytes
Audit bandwidth          : 0 bytes
Write bandwidth          : 512 bytes
Total bandwidth          : 912 bytes

--- Throughput ---
Throughput               : 3.19795 req/sec
Goodput                  : 1.27918 authorized req/sec
========================================
P0 : sent=456 bytes, recv=457 bytes, total=913 bytes


======================================
RUN 2 / 2
======================================
--- P0 OUTPUT ---
target_val = 8289235728323377919
Advice exchange: 60 ms
Send Time: 0
Recv Time: 60
Advice exchange: 0 ms
Send Time: 0
Recv Time: 0
Advice exchange: 60 ms
Send Time: 0
Recv Time: 60
Advice exchange: 0 ms
Send Time: 0
Recv Time: 0
Advice exchange: 60 ms
Send Time: 0
Recv Time: 60
Advice exchange: 0 ms
Send Time: 0
Recv Time: 0
Advice exchange: 60 ms
Send Time: 0
Recv Time: 60
Advice exchange: 0 ms
Send Time: 0
Recv Time: 0
Advice exchange: 60 ms
Send Time: 0
Recv Time: 60
Advice exchange: 0 ms
Send Time: 0
Recv Time: 0
nodes_in_interval = 1024
Advice exchange: 60 ms
Send Time: 0
Recv Time: 60
Advice exchange: 0 ms
Send Time: 0
Recv Time: 0
Advice exchange: 60 ms
Send Time: 0
Recv Time: 60
Advice exchange: 0 ms
Send Time: 0
Recv Time: 0
Advice exchange: 60 ms
Send Time: 0
Recv Time: 60
Advice exchange: 0 ms
Send Time: 0
Recv Time: 0
Advice exchange: 60 ms
Send Time: 0
Recv Time: 60
Advice exchange: 0 ms
Send Time: 0
Recv Time: 0
Advice exchange: 60 ms
Send Time: 0
Recv Time: 60
Advice exchange: 0 ms
Send Time: 0
Recv Time: 0
nodes_in_interval = 1024
Finalize
Advice exchange: 0 ms
Send Time: 0
Recv Time: 0
Advice exchange: 60 ms
Send Time: 0
Recv Time: 60
Advice exchange: 0 ms
Send Time: 0
Recv Time: 0
Advice exchange: 60 ms
Send Time: 0
Recv Time: 60
Advice exchange: 0 ms
Send Time: 0
Recv Time: 0
Advice exchange: 60 ms
Send Time: 0
Recv Time: 60
Advice exchange: 0 ms
Send Time: 0
Recv Time: 0
Advice exchange: 60 ms
Send Time: 0
Recv Time: 60
Advice exchange: 0 ms
Send Time: 0
Recv Time: 0
Advice exchange: 60 ms
Send Time: 0
Recv Time: 60
nodes_in_interval = 1024
Finalize
Advice exchange: 60 ms
Send Time: 0
Recv Time: 60
Advice exchange: 0 ms
Send Time: 0
Recv Time: 0
Advice exchange: 60 ms
Send Time: 0
Recv Time: 60
Advice exchange: 0 ms
Send Time: 0
Recv Time: 0
Advice exchange: 60 ms
Send Time: 0
Recv Time: 60
Advice exchange: 0 ms
Send Time: 0
Recv Time: 0
Advice exchange: 60 ms
Send Time: 0
Recv Time: 60
Advice exchange: 0 ms
Send Time: 0
Recv Time: 0
Advice exchange: 60 ms
Send Time: 0
Recv Time: 60
Advice exchange: 0 ms
Send Time: 0
Recv Time: 0
nodes_in_interval = 1024
Advice exchange: 60 ms
Send Time: 0
Recv Time: 60
Advice exchange: 0 ms
Send Time: 0
Recv Time: 0
Advice exchange: 60 ms
Send Time: 0
Recv Time: 60
Advice exchange: 0 ms
Send Time: 0
Recv Time: 0
Advice exchange: 60 ms
Send Time: 0
Recv Time: 60
Advice exchange: 0 ms
Send Time: 0
Recv Time: 0
Advice exchange: 60 ms
Send Time: 0
Recv Time: 60
Advice exchange: 0 ms
Send Time: 0
Recv Time: 0
Advice exchange: 60 ms
Send Time: 0
Recv Time: 60
Advice exchange: 0 ms
Send Time: 0
Recv Time: 0
nodes_in_interval = 1024
Advice exchange: 60 ms
Send Time: 0
Recv Time: 60
Advice exchange: 0 ms
Send Time: 0
Recv Time: 0
Advice exchange: 60 ms
Send Time: 0
Recv Time: 60
Advice exchange: 0 ms
Send Time: 0
Recv Time: 0
Advice exchange: 60 ms
Send Time: 0
Recv Time: 60
Advice exchange: 0 ms
Send Time: 0
Recv Time: 0
Advice exchange: 60 ms
Send Time: 0
Recv Time: 60
Advice exchange: 0 ms
Send Time: 0
Recv Time: 0
Advice exchange: 60 ms
Send Time: 0
Recv Time: 60
Advice exchange: 0 ms
Send Time: 0
Recv Time: 0
nodes_in_interval = 1024
Advice exchange: 60 ms
Send Time: 0
Recv Time: 60
Advice exchange: 0 ms
Send Time: 0
Recv Time: 0
Advice exchange: 60 ms
Send Time: 0
Recv Time: 60
Advice exchange: 0 ms
Send Time: 0
Recv Time: 0
Advice exchange: 60 ms
Send Time: 0
Recv Time: 60
Advice exchange: 0 ms
Send Time: 0
Recv Time: 0
Advice exchange: 60 ms
Send Time: 0
Recv Time: 60
Advice exchange: 0 ms
Send Time: 0
Recv Time: 0
Advice exchange: 60 ms
Send Time: 0
Recv Time: 60
Advice exchange: 0 ms
Send Time: 0
Recv Time: 0
nodes_in_interval = 1024
Advice exchange: 60 ms
Send Time: 0
Recv Time: 60
Advice exchange: 0 ms
Send Time: 0
Recv Time: 0
Advice exchange: 60 ms
Send Time: 0
Recv Time: 60
Advice exchange: 0 ms
Send Time: 0
Recv Time: 0
Advice exchange: 60 ms
Send Time: 0
Recv Time: 60
Advice exchange: 0 ms
Send Time: 0
Recv Time: 0
Advice exchange: 60 ms
Send Time: 0
Recv Time: 60
Advice exchange: 0 ms
Send Time: 0
Recv Time: 0
Advice exchange: 60 ms
Send Time: 0
Recv Time: 60
Advice exchange: 0 ms
Send Time: 0
Recv Time: 0
nodes_in_interval = 1024
Advice exchange: 60 ms
Send Time: 0
Recv Time: 60
Advice exchange: 0 ms
Send Time: 0
Recv Time: 0
Advice exchange: 60 ms
Send Time: 0
Recv Time: 60
Advice exchange: 0 ms
Send Time: 0
Recv Time: 0
Advice exchange: 60 ms
Send Time: 0
Recv Time: 60
Advice exchange: 0 ms
Send Time: 0
Recv Time: 0
Advice exchange: 60 ms
Send Time: 0
Recv Time: 60
Advice exchange: 0 ms
Send Time: 0
Recv Time: 0
Advice exchange: 60 ms
Send Time: 0
Recv Time: 60
Advice exchange: 0 ms
Send Time: 0
Recv Time: 0
nodes_in_interval = 1024
Finalize
Advice exchange: 0 ms
Send Time: 0
Recv Time: 0
Advice exchange: 60 ms
Send Time: 0
Recv Time: 60
Advice exchange: 0 ms
Send Time: 0
Recv Time: 0
Advice exchange: 60 ms
Send Time: 0
Recv Time: 60
Advice exchange: 0 ms
Send Time: 0
Recv Time: 0
Advice exchange: 60 ms
Send Time: 0
Recv Time: 60
Advice exchange: 0 ms
Send Time: 0
Recv Time: 0
Advice exchange: 60 ms
Send Time: 0
Recv Time: 60
Advice exchange: 0 ms
Send Time: 0
Recv Time: 0
Advice exchange: 60 ms
Send Time: 0
Recv Time: 60
nodes_in_interval = 1024
Finalize

========== Experiment Summary ==========
Total requests           : 10
Authorized requests      : 4
Cover requests           : 6
Authorized fraction      : 0.4

--- Latency ---
Average eval latency     : 300 ms
Average audit latency    : 0 ms
Average write latency    : 12 ms

--- Bandwidth ---
Eval bandwidth           : 400 bytes
Audit bandwidth          : 0 bytes
Write bandwidth          : 512 bytes
Total bandwidth          : 912 bytes

--- Throughput ---
Throughput               : 3.19693 req/sec
Goodput                  : 1.27877 authorized req/sec
========================================
P0 : sent=457 bytes, recv=456 bytes, total=913 bytes

--- P1 OUTPUT ---
target_val = 0
[P1] dummy = 1
Advice exchange: 0 ms
Send Time: 0
Recv Time: 0
Advice exchange: 60 ms
Send Time: 0
Recv Time: 60
Advice exchange: 0 ms
Send Time: 0
Recv Time: 0
Advice exchange: 60 ms
Send Time: 0
Recv Time: 60
Advice exchange: 0 ms
Send Time: 0
Recv Time: 0
Advice exchange: 60 ms
Send Time: 0
Recv Time: 60
Advice exchange: 0 ms
Send Time: 0
Recv Time: 0
Advice exchange: 60 ms
Send Time: 0
Recv Time: 60
Advice exchange: 0 ms
Send Time: 0
Recv Time: 0
Advice exchange: 60 ms
Send Time: 0
Recv Time: 60
nodes_in_interval = 1024
Advice exchange: 0 ms
Send Time: 0
Recv Time: 0
Advice exchange: 60 ms
Send Time: 0
Recv Time: 60
Advice exchange: 0 ms
Send Time: 0
Recv Time: 0
Advice exchange: 60 ms
Send Time: 0
Recv Time: 60
Advice exchange: 0 ms
Send Time: 0
Recv Time: 0
Advice exchange: 60 ms
Send Time: 0
Recv Time: 60
Advice exchange: 0 ms
Send Time: 0
Recv Time: 0
Advice exchange: 60 ms
Send Time: 0
Recv Time: 60
Advice exchange: 0 ms
Send Time: 0
Recv Time: 0
Advice exchange: 60 ms
Send Time: 0
Recv Time: 60
nodes_in_interval = 1024
Finalize
Advice exchange: 60 ms
Send Time: 0
Recv Time: 60
Advice exchange: 0 ms
Send Time: 0
Recv Time: 0
Advice exchange: 60 ms
Send Time: 0
Recv Time: 60
Advice exchange: 0 ms
Send Time: 0
Recv Time: 0
Advice exchange: 60 ms
Send Time: 0
Recv Time: 60
Advice exchange: 0 ms
Send Time: 0
Recv Time: 0
Advice exchange: 60 ms
Send Time: 0
Recv Time: 60
Advice exchange: 0 ms
Send Time: 0
Recv Time: 0
Advice exchange: 60 ms
Send Time: 0
Recv Time: 60
Advice exchange: 0 ms
Send Time: 0
Recv Time: 0
nodes_in_interval = 1024
Finalize
Advice exchange: 0 ms
Send Time: 0
Recv Time: 0
Advice exchange: 60 ms
Send Time: 0
Recv Time: 60
Advice exchange: 0 ms
Send Time: 0
Recv Time: 0
Advice exchange: 60 ms
Send Time: 0
Recv Time: 60
Advice exchange: 0 ms
Send Time: 0
Recv Time: 0
Advice exchange: 60 ms
Send Time: 0
Recv Time: 60
Advice exchange: 0 ms
Send Time: 0
Recv Time: 0
Advice exchange: 60 ms
Send Time: 0
Recv Time: 60
Advice exchange: 0 ms
Send Time: 0
Recv Time: 0
Advice exchange: 60 ms
Send Time: 0
Recv Time: 60
nodes_in_interval = 1024
Advice exchange: 0 ms
Send Time: 0
Recv Time: 0
Advice exchange: 60 ms
Send Time: 0
Recv Time: 60
Advice exchange: 0 ms
Send Time: 0
Recv Time: 0
Advice exchange: 60 ms
Send Time: 0
Recv Time: 60
Advice exchange: 0 ms
Send Time: 0
Recv Time: 0
Advice exchange: 60 ms
Send Time: 0
Recv Time: 60
Advice exchange: 0 ms
Send Time: 0
Recv Time: 0
Advice exchange: 60 ms
Send Time: 0
Recv Time: 60
Advice exchange: 0 ms
Send Time: 0
Recv Time: 0
Advice exchange: 60 ms
Send Time: 0
Recv Time: 60
nodes_in_interval = 1024
Advice exchange: 0 ms
Send Time: 0
Recv Time: 0
Advice exchange: 60 ms
Send Time: 0
Recv Time: 60
Advice exchange: 0 ms
Send Time: 0
Recv Time: 0
Advice exchange: 60 ms
Send Time: 0
Recv Time: 60
Advice exchange: 0 ms
Send Time: 0
Recv Time: 0
Advice exchange: 60 ms
Send Time: 0
Recv Time: 60
Advice exchange: 0 ms
Send Time: 0
Recv Time: 0
Advice exchange: 60 ms
Send Time: 0
Recv Time: 60
Advice exchange: 0 ms
Send Time: 0
Recv Time: 0
Advice exchange: 60 ms
Send Time: 0
Recv Time: 60
nodes_in_interval = 1024
Advice exchange: 0 ms
Send Time: 0
Recv Time: 0
Advice exchange: 60 ms
Send Time: 0
Recv Time: 60
Advice exchange: 0 ms
Send Time: 0
Recv Time: 0
Advice exchange: 60 ms
Send Time: 0
Recv Time: 60
Advice exchange: 0 ms
Send Time: 0
Recv Time: 0
Advice exchange: 60 ms
Send Time: 0
Recv Time: 60
Advice exchange: 0 ms
Send Time: 0
Recv Time: 0
Advice exchange: 60 ms
Send Time: 0
Recv Time: 60
Advice exchange: 0 ms
Send Time: 0
Recv Time: 0
Advice exchange: 60 ms
Send Time: 0
Recv Time: 60
nodes_in_interval = 1024
Advice exchange: 0 ms
Send Time: 0
Recv Time: 0
Advice exchange: 60 ms
Send Time: 0
Recv Time: 60
Advice exchange: 0 ms
Send Time: 0
Recv Time: 0
Advice exchange: 60 ms
Send Time: 0
Recv Time: 60
Advice exchange: 0 ms
Send Time: 0
Recv Time: 0
Advice exchange: 60 ms
Send Time: 0
Recv Time: 60
Advice exchange: 0 ms
Send Time: 0
Recv Time: 0
Advice exchange: 60 ms
Send Time: 0
Recv Time: 60
Advice exchange: 0 ms
Send Time: 0
Recv Time: 0
Advice exchange: 60 ms
Send Time: 0
Recv Time: 60
nodes_in_interval = 1024
Advice exchange: 0 ms
Send Time: 0
Recv Time: 0
Advice exchange: 60 ms
Send Time: 0
Recv Time: 60
Advice exchange: 0 ms
Send Time: 0
Recv Time: 0
Advice exchange: 60 ms
Send Time: 0
Recv Time: 60
Advice exchange: 0 ms
Send Time: 0
Recv Time: 0
Advice exchange: 60 ms
Send Time: 0
Recv Time: 60
Advice exchange: 0 ms
Send Time: 0
Recv Time: 0
Advice exchange: 60 ms
Send Time: 0
Recv Time: 60
Advice exchange: 0 ms
Send Time: 0
Recv Time: 0
Advice exchange: 60 ms
Send Time: 0
Recv Time: 60
nodes_in_interval = 1024
Finalize
Advice exchange: 60 ms
Send Time: 0
Recv Time: 60
Advice exchange: 0 ms
Send Time: 0
Recv Time: 0
Advice exchange: 60 ms
Send Time: 0
Recv Time: 60
Advice exchange: 0 ms
Send Time: 0
Recv Time: 0
Advice exchange: 60 ms
Send Time: 0
Recv Time: 60
Advice exchange: 0 ms
Send Time: 0
Recv Time: 0
Advice exchange: 60 ms
Send Time: 0
Recv Time: 60
Advice exchange: 0 ms
Send Time: 0
Recv Time: 0
Advice exchange: 60 ms
Send Time: 0
Recv Time: 60
Advice exchange: 0 ms
Send Time: 0
Recv Time: 0
nodes_in_interval = 1024
Finalize

========== Experiment Summary ==========
Total requests           : 10
Authorized requests      : 4
Cover requests           : 6
Authorized fraction      : 0.4

--- Latency ---
Average eval latency     : 300 ms
Average audit latency    : 0 ms
Average write latency    : 12 ms

--- Bandwidth ---
Eval bandwidth           : 400 bytes
Audit bandwidth          : 0 bytes
Write bandwidth          : 512 bytes
Total bandwidth          : 912 bytes

--- Throughput ---
Throughput               : 3.19693 req/sec
Goodput                  : 1.27877 authorized req/sec
========================================
P0 : sent=456 bytes, recv=457 bytes, total=913 bytes


